<?xml version="1.0" encoding="UTF-8"?>
<!-- Generated by org.testng.reporters.JUnitXMLReporter -->
<testsuite hostname="DESKTOP-QNHJ5Q7" name="Test" tests="3" failures="0" timestamp="27 Oct 2022 07:10:41 GMT" time="33.952" errors="0">
  <testcase name="verifyLogin" time="5.986" classname="learning_Oct27.NOPComLogin"/>
  <testcase name="verifyAppTitle" time="0.016" classname="learning_Oct27.NOPComLogin"/>
  <testcase name="verifyLogout" time="1.332" classname="learning_Oct27.NOPComLogin"/>
</testsuite> <!-- Test -->
