<?xml version="1.0" encoding="UTF-8"?>
<!-- Generated by org.testng.reporters.JUnitXMLReporter -->
<testsuite hostname="DESKTOP-QNHJ5Q7" failures="0" tests="3" name="Test" time="52.866" errors="0" timestamp="3 Nov 2022 05:37:54 GMT">
  <testcase classname="learning_Oct28.DataProviderExercise" name="verifyLoginWithInValidUserDetails" time="11.501"/>
  <testcase classname="learning_Oct28.DataProviderExercise" name="verifyLoginWithInValidUserDetails" time="11.015"/>
  <testcase classname="learning_Oct28.DataProviderExercise" name="verifyLoginWithInValidUserDetails" time="10.832"/>
</testsuite> <!-- Test -->
