<?xml version="1.0" encoding="UTF-8"?>
<testsuite xmlns:xsi="http://www.w3.org/2001/XMLSchema-instance" xsi:noNamespaceSchemaLocation="https://maven.apache.org/surefire/maven-surefire-plugin/xsd/surefire-test-report-3.0.xsd" version="3.0" name="TestSuite" time="53.347" tests="3" errors="0" skipped="0" failures="0">
  <properties>
[...]
</properties>
  <testcase name="verifyLoginWithInValidUserDetails[Ashwini@test.com, demo@123](1)" classname="learning_Oct28.DataProviderExercise" time="11.474">
    <system-out><![CDATA[ INFO [main] (BaseTest.java:25)- launching chrome browser.
 INFO [main] (BaseTest.java:41)- launching Application: https://admin-demo.nopcommerce.com/login?ReturnUrl=%2Fadmin%2F
 INFO [main] (DataProviderExercise.java:18)- clear text from username field.
 INFO [main] (DataProviderExercise.java:22)- enter value into username: Ashwini@test.com
 INFO [main] (DataProviderExercise.java:28)- clear text from password field.
 INFO [main] (DataProviderExercise.java:32)- enter value into password: demo@123
 INFO [main] (DataProviderExercise.java:38)- click on checkbox
 INFO [main] (DataProviderExercise.java:44)- click on Login button.
 INFO [main] (DataProviderExercise.java:52)- Validation of error message for invalid user.
]]></system-out>
    <system-err><![CDATA[SLF4J: Failed to load class "org.slf4j.impl.StaticLoggerBinder".
SLF4J: Defaulting to no-operation (NOP) logger implementation
SLF4J: See http://www.slf4j.org/codes.html#StaticLoggerBinder for further details.
Starting ChromeDriver 107.0.5304.62 (1eec40d3a5764881c92085aaee66d25075c159aa-refs/branch-heads/5304@{#942}) on port 47761
Only local connections are allowed.
Please see https://chromedriver.chromium.org/security-considerations for suggestions on keeping ChromeDriver safe.
ChromeDriver was started successfully.
Nov 02, 2022 10:37:03 PM org.openqa.selenium.remote.ProtocolHandshake createSession
INFO: Detected dialect: W3C
]]></system-err>
  </testcase>
  <testcase name="verifyLoginWithInValidUserDetails[Deepika@test.com, 23129900](2)" classname="learning_Oct28.DataProviderExercise" time="11.017">
    <system-out><![CDATA[ INFO [main] (DataProviderExercise.java:18)- clear text from username field.
 INFO [main] (DataProviderExercise.java:22)- enter value into username: Deepika@test.com
 INFO [main] (DataProviderExercise.java:28)- clear text from password field.
 INFO [main] (DataProviderExercise.java:32)- enter value into password: 23129900
 INFO [main] (DataProviderExercise.java:38)- click on checkbox
 INFO [main] (DataProviderExercise.java:44)- click on Login button.
 INFO [main] (DataProviderExercise.java:52)- Validation of error message for invalid user.
]]></system-out>
  </testcase>
  <testcase name="verifyLoginWithInValidUserDetails[neha@test.com, welcome@123](3)" classname="learning_Oct28.DataProviderExercise" time="10.831">
    <system-out><![CDATA[ INFO [main] (DataProviderExercise.java:18)- clear text from username field.
 INFO [main] (DataProviderExercise.java:22)- enter value into username: neha@test.com
 INFO [main] (DataProviderExercise.java:28)- clear text from password field.
 INFO [main] (DataProviderExercise.java:32)- enter value into password: welcome@123
 INFO [main] (DataProviderExercise.java:38)- click on checkbox
 INFO [main] (DataProviderExercise.java:44)- click on Login button.
 INFO [main] (DataProviderExercise.java:52)- Validation of error message for invalid user.
]]></system-out>
  </testcase>
</testsuite>