<?xml version="1.0" encoding="UTF-8"?>
<testng-results skipped="0" failed="0" total="1" passed="1">
  <reporter-output>
  </reporter-output>
  <suite name="Default suite" duration-ms="11810" started-at="2022-10-31T07:07:35Z" finished-at="2022-10-31T07:07:47Z">
    <groups>
    </groups>
    <test name="Default test" duration-ms="11810" started-at="2022-10-31T07:07:35Z" finished-at="2022-10-31T07:07:47Z">
      <class name="learning_Oct31.LoginTest">
        <test-method status="PASS" signature="launchApp()[pri:0, instance:learning_Oct31.LoginTest@3796751b]" name="launchApp" is-config="true" duration-ms="4110" started-at="2022-10-31T00:07:35Z" finished-at="2022-10-31T00:07:39Z">
          <reporter-output>
          </reporter-output>
        </test-method> <!-- launchApp -->
        <test-method status="PASS" signature="verifyLogin()[pri:0, instance:learning_Oct31.LoginTest@3796751b]" name="verifyLogin" duration-ms="3474" started-at="2022-10-31T00:07:39Z" finished-at="2022-10-31T00:07:42Z">
          <reporter-output>
          </reporter-output>
        </test-method> <!-- verifyLogin -->
        <test-method status="PASS" signature="closeApp()[pri:0, instance:learning_Oct31.LoginTest@3796751b]" name="closeApp" is-config="true" duration-ms="4216" started-at="2022-10-31T00:07:42Z" finished-at="2022-10-31T00:07:47Z">
          <reporter-output>
          </reporter-output>
        </test-method> <!-- closeApp -->
      </class> <!-- learning_Oct31.LoginTest -->
    </test> <!-- Default test -->
  </suite> <!-- Default suite -->
</testng-results>
